I, [2016-03-19T17:11:55.249812 #32639]  INFO -- : Starting clock for 1 events: [ work ]
I, [2016-03-19T17:11:55.249920 #32639]  INFO -- : Triggering 'work'
seeking in http://galaxyheavyblow.web.fc2.com/
107
hyoga0216@gmail.com
iso-8859-1
 
seeking in http://galaxyheavyblow.web.fc2.com/
108
hyoga0216@gmail.com
iso-8859-1
 
seeking in http://urasunday.com/takunomi/index.html
16杯目
hyoga0216@gmail.com
utf-8
 
work end
I, [2016-03-19T17:41:55.001289 #32639]  INFO -- : Triggering 'work'
seeking in http://galaxyheavyblow.web.fc2.com/
107
hyoga0216@gmail.com
iso-8859-1
 
seeking in http://galaxyheavyblow.web.fc2.com/
108
hyoga0216@gmail.com
iso-8859-1
 
seeking in http://urasunday.com/takunomi/index.html
16杯目
hyoga0216@gmail.com
utf-8
 
work end
I, [2016-03-19T18:11:55.001377 #32639]  INFO -- : Triggering 'work'
seeking in http://galaxyheavyblow.web.fc2.com/
107
hyoga0216@gmail.com
iso-8859-1
 
seeking in http://galaxyheavyblow.web.fc2.com/
108
hyoga0216@gmail.com
iso-8859-1
 
seeking in http://urasunday.com/takunomi/index.html
16杯目
hyoga0216@gmail.com
utf-8
 
work end
I, [2016-03-19T18:41:55.002079 #32639]  INFO -- : Triggering 'work'
seeking in http://galaxyheavyblow.web.fc2.com/
107
hyoga0216@gmail.com
iso-8859-1
 
seeking in http://galaxyheavyblow.web.fc2.com/
108
hyoga0216@gmail.com
iso-8859-1
 
seeking in http://urasunday.com/takunomi/index.html
16杯目
hyoga0216@gmail.com
utf-8
 
work end
I, [2016-03-19T19:11:55.001394 #32639]  INFO -- : Triggering 'work'
seeking in http://galaxyheavyblow.web.fc2.com/
107
hyoga0216@gmail.com
iso-8859-1
 
seeking in http://galaxyheavyblow.web.fc2.com/
108
hyoga0216@gmail.com
iso-8859-1
 
seeking in http://urasunday.com/takunomi/index.html
16杯目
hyoga0216@gmail.com
utf-8
 
work end
I, [2016-03-19T19:41:55.001246 #32639]  INFO -- : Triggering 'work'
seeking in http://galaxyheavyblow.web.fc2.com/
107
hyoga0216@gmail.com
iso-8859-1
 
seeking in http://galaxyheavyblow.web.fc2.com/
108
hyoga0216@gmail.com
iso-8859-1
 
seeking in http://urasunday.com/takunomi/index.html
16杯目
hyoga0216@gmail.com
utf-8
 
work end
I, [2016-03-19T20:11:55.001475 #32639]  INFO -- : Triggering 'work'
seeking in http://galaxyheavyblow.web.fc2.com/
107
hyoga0216@gmail.com
iso-8859-1
 
seeking in http://galaxyheavyblow.web.fc2.com/
108
hyoga0216@gmail.com
iso-8859-1
 
seeking in http://urasunday.com/takunomi/index.html
16杯目
hyoga0216@gmail.com
utf-8
 
work end
I, [2016-03-19T20:41:55.001403 #32639]  INFO -- : Triggering 'work'
seeking in http://galaxyheavyblow.web.fc2.com/
107
hyoga0216@gmail.com
iso-8859-1
 
seeking in http://galaxyheavyblow.web.fc2.com/
108
hyoga0216@gmail.com
iso-8859-1
 
seeking in http://urasunday.com/takunomi/index.html
16杯目
hyoga0216@gmail.com
utf-8
 
work end
I, [2016-03-19T21:11:55.001284 #32639]  INFO -- : Triggering 'work'
seeking in http://galaxyheavyblow.web.fc2.com/
107
hyoga0216@gmail.com
iso-8859-1
 
seeking in http://galaxyheavyblow.web.fc2.com/
108
hyoga0216@gmail.com
iso-8859-1
 
seeking in http://urasunday.com/takunomi/index.html
16杯目
hyoga0216@gmail.com
utf-8
 
work end
I, [2016-03-19T21:41:55.001321 #32639]  INFO -- : Triggering 'work'
seeking in http://galaxyheavyblow.web.fc2.com/
107
hyoga0216@gmail.com
iso-8859-1
 
seeking in http://galaxyheavyblow.web.fc2.com/
108
hyoga0216@gmail.com
iso-8859-1
 
seeking in http://urasunday.com/takunomi/index.html
16杯目
hyoga0216@gmail.com
utf-8
 
work end
I, [2016-03-19T22:11:55.001236 #32639]  INFO -- : Triggering 'work'
seeking in http://galaxyheavyblow.web.fc2.com/
107
hyoga0216@gmail.com
iso-8859-1
 
seeking in http://galaxyheavyblow.web.fc2.com/
108
hyoga0216@gmail.com
iso-8859-1
 
seeking in http://urasunday.com/takunomi/index.html
16杯目
hyoga0216@gmail.com
utf-8
 
work end
I, [2016-03-19T22:41:55.001293 #32639]  INFO -- : Triggering 'work'
seeking in http://galaxyheavyblow.web.fc2.com/
107
hyoga0216@gmail.com
iso-8859-1
 
seeking in http://galaxyheavyblow.web.fc2.com/
108
hyoga0216@gmail.com
iso-8859-1
 
seeking in http://urasunday.com/takunomi/index.html
16杯目
hyoga0216@gmail.com
utf-8
 
work end
I, [2016-03-19T23:11:55.001280 #32639]  INFO -- : Triggering 'work'
seeking in http://galaxyheavyblow.web.fc2.com/
107
hyoga0216@gmail.com
iso-8859-1
 
seeking in http://galaxyheavyblow.web.fc2.com/
108
hyoga0216@gmail.com
iso-8859-1
 
seeking in http://urasunday.com/takunomi/index.html
16杯目
hyoga0216@gmail.com
utf-8
 
work end
I, [2016-03-19T23:41:55.001332 #32639]  INFO -- : Triggering 'work'
seeking in http://galaxyheavyblow.web.fc2.com/
107
hyoga0216@gmail.com
iso-8859-1
 
seeking in http://galaxyheavyblow.web.fc2.com/
108
hyoga0216@gmail.com
iso-8859-1
 
seeking in http://urasunday.com/takunomi/index.html
16杯目
hyoga0216@gmail.com
utf-8
 
work end
I, [2016-03-20T00:11:55.001264 #32639]  INFO -- : Triggering 'work'
seeking in http://galaxyheavyblow.web.fc2.com/
107
hyoga0216@gmail.com
iso-8859-1
 
seeking in http://galaxyheavyblow.web.fc2.com/
108
hyoga0216@gmail.com
iso-8859-1
 
seeking in http://urasunday.com/takunomi/index.html
16杯目
hyoga0216@gmail.com
utf-8
 
work end
I, [2016-03-20T00:41:55.001546 #32639]  INFO -- : Triggering 'work'
seeking in http://galaxyheavyblow.web.fc2.com/
107
hyoga0216@gmail.com
iso-8859-1
 
seeking in http://galaxyheavyblow.web.fc2.com/
108
hyoga0216@gmail.com
iso-8859-1
 
seeking in http://urasunday.com/takunomi/index.html
16杯目
hyoga0216@gmail.com
utf-8
 
work end
I, [2016-03-20T01:11:55.001255 #32639]  INFO -- : Triggering 'work'
seeking in http://galaxyheavyblow.web.fc2.com/
107
hyoga0216@gmail.com
iso-8859-1
 
seeking in http://galaxyheavyblow.web.fc2.com/
108
hyoga0216@gmail.com
iso-8859-1
 
seeking in http://urasunday.com/takunomi/index.html
16杯目
hyoga0216@gmail.com
utf-8
 
work end
I, [2016-03-20T01:41:55.001268 #32639]  INFO -- : Triggering 'work'
seeking in http://galaxyheavyblow.web.fc2.com/
107
hyoga0216@gmail.com
iso-8859-1
 
seeking in http://galaxyheavyblow.web.fc2.com/
108
hyoga0216@gmail.com
iso-8859-1
 
seeking in http://urasunday.com/takunomi/index.html
16杯目
hyoga0216@gmail.com
utf-8
 
work end
I, [2016-03-20T02:11:55.001210 #32639]  INFO -- : Triggering 'work'
seeking in http://galaxyheavyblow.web.fc2.com/
107
hyoga0216@gmail.com
iso-8859-1
 
seeking in http://galaxyheavyblow.web.fc2.com/
108
hyoga0216@gmail.com
iso-8859-1
 
seeking in http://urasunday.com/takunomi/index.html
16杯目
hyoga0216@gmail.com
utf-8
 
work end
I, [2016-03-20T02:41:55.001348 #32639]  INFO -- : Triggering 'work'
seeking in http://galaxyheavyblow.web.fc2.com/
107
hyoga0216@gmail.com
iso-8859-1
 
seeking in http://galaxyheavyblow.web.fc2.com/
108
hyoga0216@gmail.com
iso-8859-1
 
seeking in http://urasunday.com/takunomi/index.html
16杯目
hyoga0216@gmail.com
utf-8
 
work end
I, [2016-03-20T03:11:55.001273 #32639]  INFO -- : Triggering 'work'
seeking in http://galaxyheavyblow.web.fc2.com/
107
hyoga0216@gmail.com
iso-8859-1
 
seeking in http://galaxyheavyblow.web.fc2.com/
108
hyoga0216@gmail.com
iso-8859-1
 
seeking in http://urasunday.com/takunomi/index.html
16杯目
hyoga0216@gmail.com
utf-8
 
work end
I, [2016-03-20T03:41:55.001265 #32639]  INFO -- : Triggering 'work'
seeking in http://galaxyheavyblow.web.fc2.com/
107
hyoga0216@gmail.com
iso-8859-1
 
seeking in http://galaxyheavyblow.web.fc2.com/
108
hyoga0216@gmail.com
iso-8859-1
 
seeking in http://urasunday.com/takunomi/index.html
16杯目
hyoga0216@gmail.com
utf-8
 
work end
I, [2016-03-20T04:11:55.001308 #32639]  INFO -- : Triggering 'work'
seeking in http://galaxyheavyblow.web.fc2.com/
107
hyoga0216@gmail.com
iso-8859-1
 
seeking in http://galaxyheavyblow.web.fc2.com/
108
hyoga0216@gmail.com
iso-8859-1
 
seeking in http://urasunday.com/takunomi/index.html
16杯目
hyoga0216@gmail.com
utf-8
 
work end
I, [2016-03-20T04:41:55.001323 #32639]  INFO -- : Triggering 'work'
seeking in http://galaxyheavyblow.web.fc2.com/
107
hyoga0216@gmail.com
iso-8859-1
 
seeking in http://galaxyheavyblow.web.fc2.com/
108
hyoga0216@gmail.com
iso-8859-1
 
seeking in http://urasunday.com/takunomi/index.html
16杯目
hyoga0216@gmail.com
utf-8
 
work end
I, [2016-03-20T05:11:55.001451 #32639]  INFO -- : Triggering 'work'
seeking in http://galaxyheavyblow.web.fc2.com/
107
hyoga0216@gmail.com
iso-8859-1
 
seeking in http://galaxyheavyblow.web.fc2.com/
108
hyoga0216@gmail.com
iso-8859-1
 
seeking in http://urasunday.com/takunomi/index.html
16杯目
hyoga0216@gmail.com
utf-8
 
work end
I, [2016-03-20T05:41:55.001316 #32639]  INFO -- : Triggering 'work'
seeking in http://galaxyheavyblow.web.fc2.com/
107
hyoga0216@gmail.com
iso-8859-1
 
seeking in http://galaxyheavyblow.web.fc2.com/
108
hyoga0216@gmail.com
iso-8859-1
 
seeking in http://urasunday.com/takunomi/index.html
16杯目
hyoga0216@gmail.com
utf-8
 
work end
I, [2016-03-20T06:11:55.001352 #32639]  INFO -- : Triggering 'work'
seeking in http://galaxyheavyblow.web.fc2.com/
107
hyoga0216@gmail.com
iso-8859-1
 
seeking in http://galaxyheavyblow.web.fc2.com/
108
hyoga0216@gmail.com
iso-8859-1
 
seeking in http://urasunday.com/takunomi/index.html
16杯目
hyoga0216@gmail.com
utf-8
 
work end
I, [2016-03-20T06:41:55.001351 #32639]  INFO -- : Triggering 'work'
seeking in http://galaxyheavyblow.web.fc2.com/
107
hyoga0216@gmail.com
iso-8859-1
 
seeking in http://galaxyheavyblow.web.fc2.com/
108
hyoga0216@gmail.com
iso-8859-1
 
seeking in http://urasunday.com/takunomi/index.html
16杯目
hyoga0216@gmail.com
utf-8
 
work end
I, [2016-03-20T07:11:55.001328 #32639]  INFO -- : Triggering 'work'
seeking in http://galaxyheavyblow.web.fc2.com/
107
hyoga0216@gmail.com
iso-8859-1
 
seeking in http://galaxyheavyblow.web.fc2.com/
108
hyoga0216@gmail.com
iso-8859-1
 
seeking in http://urasunday.com/takunomi/index.html
16杯目
hyoga0216@gmail.com
utf-8
 
work end
I, [2016-03-20T07:41:55.001297 #32639]  INFO -- : Triggering 'work'
seeking in http://galaxyheavyblow.web.fc2.com/
107
hyoga0216@gmail.com
iso-8859-1
 
seeking in http://galaxyheavyblow.web.fc2.com/
108
hyoga0216@gmail.com
iso-8859-1
 
seeking in http://urasunday.com/takunomi/index.html
16杯目
hyoga0216@gmail.com
utf-8
 
work end
I, [2016-03-20T08:11:55.001253 #32639]  INFO -- : Triggering 'work'
seeking in http://galaxyheavyblow.web.fc2.com/
107
hyoga0216@gmail.com
iso-8859-1
 
seeking in http://galaxyheavyblow.web.fc2.com/
108
hyoga0216@gmail.com
iso-8859-1
 
seeking in http://urasunday.com/takunomi/index.html
16杯目
hyoga0216@gmail.com
utf-8
 
work end
I, [2016-03-20T08:41:55.001242 #32639]  INFO -- : Triggering 'work'
seeking in http://galaxyheavyblow.web.fc2.com/
107
hyoga0216@gmail.com
iso-8859-1
 
seeking in http://galaxyheavyblow.web.fc2.com/
108
hyoga0216@gmail.com
iso-8859-1
 
seeking in http://urasunday.com/takunomi/index.html
16杯目
hyoga0216@gmail.com
utf-8
 
work end
I, [2016-03-20T09:11:55.001328 #32639]  INFO -- : Triggering 'work'
seeking in http://galaxyheavyblow.web.fc2.com/
107
hyoga0216@gmail.com
iso-8859-1
 
seeking in http://galaxyheavyblow.web.fc2.com/
108
hyoga0216@gmail.com
iso-8859-1
 
seeking in http://urasunday.com/takunomi/index.html
16杯目
hyoga0216@gmail.com
utf-8
 
work end
I, [2016-03-20T09:41:55.001320 #32639]  INFO -- : Triggering 'work'
seeking in http://galaxyheavyblow.web.fc2.com/
107
hyoga0216@gmail.com
iso-8859-1
 
seeking in http://galaxyheavyblow.web.fc2.com/
108
hyoga0216@gmail.com
iso-8859-1
 
seeking in http://urasunday.com/takunomi/index.html
16杯目
hyoga0216@gmail.com
utf-8
 
work end
I, [2016-03-20T10:11:55.001327 #32639]  INFO -- : Triggering 'work'
seeking in http://galaxyheavyblow.web.fc2.com/
107
hyoga0216@gmail.com
iso-8859-1
 
seeking in http://galaxyheavyblow.web.fc2.com/
108
hyoga0216@gmail.com
iso-8859-1
 
seeking in http://urasunday.com/takunomi/index.html
16杯目
hyoga0216@gmail.com
utf-8
 
seeking in https://hoge.com
test
hyoga0216@gmail.com
E, [2016-03-20T10:14:03.646056 #32639] ERROR -- : Connection timed out - connect(2) (Errno::ETIMEDOUT)
/usr/lib/ruby/1.9.1/net/http.rb:763:in `initialize'
/usr/lib/ruby/1.9.1/net/http.rb:763:in `open'
/usr/lib/ruby/1.9.1/net/http.rb:763:in `block in connect'
/usr/lib/ruby/1.9.1/timeout.rb:55:in `timeout'
/usr/lib/ruby/1.9.1/timeout.rb:100:in `timeout'
/usr/lib/ruby/1.9.1/net/http.rb:763:in `connect'
/usr/lib/ruby/1.9.1/net/http.rb:756:in `do_start'
/usr/lib/ruby/1.9.1/net/http.rb:745:in `start'
/usr/lib/ruby/1.9.1/open-uri.rb:306:in `open_http'
/usr/lib/ruby/1.9.1/open-uri.rb:775:in `buffer_open'
/usr/lib/ruby/1.9.1/open-uri.rb:203:in `block in open_loop'
/usr/lib/ruby/1.9.1/open-uri.rb:201:in `catch'
/usr/lib/ruby/1.9.1/open-uri.rb:201:in `open_loop'
/usr/lib/ruby/1.9.1/open-uri.rb:146:in `open_uri'
/usr/lib/ruby/1.9.1/open-uri.rb:677:in `open'
/usr/lib/ruby/1.9.1/open-uri.rb:33:in `open'
/projects/notice/notice.rb:66:in `show_charset'
/projects/notice/notice.rb:93:in `notice'
/projects/notice/clock.rb:20:in `block (2 levels) in <top (required)>'
/projects/notice/clock.rb:16:in `each'
/projects/notice/clock.rb:16:in `block in <top (required)>'
/var/lib/gems/1.9.1/gems/clockwork-1.2.0/lib/clockwork/event.rb:54:in `call'
/var/lib/gems/1.9.1/gems/clockwork-1.2.0/lib/clockwork/event.rb:54:in `execute'
/var/lib/gems/1.9.1/gems/clockwork-1.2.0/lib/clockwork/event.rb:44:in `run'
/var/lib/gems/1.9.1/gems/clockwork-1.2.0/lib/clockwork/manager.rb:75:in `block in tick'
/var/lib/gems/1.9.1/gems/clockwork-1.2.0/lib/clockwork/manager.rb:73:in `each'
/var/lib/gems/1.9.1/gems/clockwork-1.2.0/lib/clockwork/manager.rb:73:in `tick'
/var/lib/gems/1.9.1/gems/clockwork-1.2.0/lib/clockwork/manager.rb:64:in `block in run'
/var/lib/gems/1.9.1/gems/clockwork-1.2.0/lib/clockwork/manager.rb:63:in `loop'
/var/lib/gems/1.9.1/gems/clockwork-1.2.0/lib/clockwork/manager.rb:63:in `run'
/var/lib/gems/1.9.1/gems/clockwork-1.2.0/lib/clockwork.rb:46:in `run'
/var/lib/gems/1.9.1/gems/clockwork-1.2.0/bin/clockworkd:90:in `block in <top (required)>'
/var/lib/gems/1.9.1/gems/daemons-1.2.3/lib/daemons/application.rb:265:in `call'
/var/lib/gems/1.9.1/gems/daemons-1.2.3/lib/daemons/application.rb:265:in `block in start_proc'
/var/lib/gems/1.9.1/gems/daemons-1.2.3/lib/daemons/daemonize.rb:84:in `call'
/var/lib/gems/1.9.1/gems/daemons-1.2.3/lib/daemons/daemonize.rb:84:in `call_as_daemon'
/var/lib/gems/1.9.1/gems/daemons-1.2.3/lib/daemons/application.rb:269:in `start_proc'
/var/lib/gems/1.9.1/gems/daemons-1.2.3/lib/daemons/application.rb:295:in `start'
/var/lib/gems/1.9.1/gems/daemons-1.2.3/lib/daemons/controller.rb:56:in `run'
/var/lib/gems/1.9.1/gems/daemons-1.2.3/lib/daemons.rb:193:in `block in run_proc'
/var/lib/gems/1.9.1/gems/daemons-1.2.3/lib/daemons/cmdline.rb:88:in `call'
/var/lib/gems/1.9.1/gems/daemons-1.2.3/lib/daemons/cmdline.rb:88:in `catch_exceptions'
/var/lib/gems/1.9.1/gems/daemons-1.2.3/lib/daemons.rb:192:in `run_proc'
/var/lib/gems/1.9.1/gems/clockwork-1.2.0/bin/clockworkd:84:in `<top (required)>'
/usr/local/bin/clockworkd:23:in `load'
/usr/local/bin/clockworkd:23:in `<main>'
I, [2016-03-20T10:41:55.001291 #32639]  INFO -- : Triggering 'work'
seeking in http://galaxyheavyblow.web.fc2.com/
107
hyoga0216@gmail.com
iso-8859-1
 
seeking in http://galaxyheavyblow.web.fc2.com/
108
hyoga0216@gmail.com
iso-8859-1
 
seeking in http://urasunday.com/takunomi/index.html
16杯目
hyoga0216@gmail.com
utf-8
 
seeking in https://hoge.com
test
hyoga0216@gmail.com
E, [2016-03-20T10:44:03.198156 #32639] ERROR -- : Connection timed out - connect(2) (Errno::ETIMEDOUT)
/usr/lib/ruby/1.9.1/net/http.rb:763:in `initialize'
/usr/lib/ruby/1.9.1/net/http.rb:763:in `open'
/usr/lib/ruby/1.9.1/net/http.rb:763:in `block in connect'
/usr/lib/ruby/1.9.1/timeout.rb:55:in `timeout'
/usr/lib/ruby/1.9.1/timeout.rb:100:in `timeout'
/usr/lib/ruby/1.9.1/net/http.rb:763:in `connect'
/usr/lib/ruby/1.9.1/net/http.rb:756:in `do_start'
/usr/lib/ruby/1.9.1/net/http.rb:745:in `start'
/usr/lib/ruby/1.9.1/open-uri.rb:306:in `open_http'
/usr/lib/ruby/1.9.1/open-uri.rb:775:in `buffer_open'
/usr/lib/ruby/1.9.1/open-uri.rb:203:in `block in open_loop'
/usr/lib/ruby/1.9.1/open-uri.rb:201:in `catch'
/usr/lib/ruby/1.9.1/open-uri.rb:201:in `open_loop'
/usr/lib/ruby/1.9.1/open-uri.rb:146:in `open_uri'
/usr/lib/ruby/1.9.1/open-uri.rb:677:in `open'
/usr/lib/ruby/1.9.1/open-uri.rb:33:in `open'
/projects/notice/notice.rb:66:in `show_charset'
/projects/notice/notice.rb:93:in `notice'
/projects/notice/clock.rb:20:in `block (2 levels) in <top (required)>'
/projects/notice/clock.rb:16:in `each'
/projects/notice/clock.rb:16:in `block in <top (required)>'
/var/lib/gems/1.9.1/gems/clockwork-1.2.0/lib/clockwork/event.rb:54:in `call'
/var/lib/gems/1.9.1/gems/clockwork-1.2.0/lib/clockwork/event.rb:54:in `execute'
/var/lib/gems/1.9.1/gems/clockwork-1.2.0/lib/clockwork/event.rb:44:in `run'
/var/lib/gems/1.9.1/gems/clockwork-1.2.0/lib/clockwork/manager.rb:75:in `block in tick'
/var/lib/gems/1.9.1/gems/clockwork-1.2.0/lib/clockwork/manager.rb:73:in `each'
/var/lib/gems/1.9.1/gems/clockwork-1.2.0/lib/clockwork/manager.rb:73:in `tick'
/var/lib/gems/1.9.1/gems/clockwork-1.2.0/lib/clockwork/manager.rb:64:in `block in run'
/var/lib/gems/1.9.1/gems/clockwork-1.2.0/lib/clockwork/manager.rb:63:in `loop'
/var/lib/gems/1.9.1/gems/clockwork-1.2.0/lib/clockwork/manager.rb:63:in `run'
/var/lib/gems/1.9.1/gems/clockwork-1.2.0/lib/clockwork.rb:46:in `run'
/var/lib/gems/1.9.1/gems/clockwork-1.2.0/bin/clockworkd:90:in `block in <top (required)>'
/var/lib/gems/1.9.1/gems/daemons-1.2.3/lib/daemons/application.rb:265:in `call'
/var/lib/gems/1.9.1/gems/daemons-1.2.3/lib/daemons/application.rb:265:in `block in start_proc'
/var/lib/gems/1.9.1/gems/daemons-1.2.3/lib/daemons/daemonize.rb:84:in `call'
/var/lib/gems/1.9.1/gems/daemons-1.2.3/lib/daemons/daemonize.rb:84:in `call_as_daemon'
/var/lib/gems/1.9.1/gems/daemons-1.2.3/lib/daemons/application.rb:269:in `start_proc'
/var/lib/gems/1.9.1/gems/daemons-1.2.3/lib/daemons/application.rb:295:in `start'
/var/lib/gems/1.9.1/gems/daemons-1.2.3/lib/daemons/controller.rb:56:in `run'
/var/lib/gems/1.9.1/gems/daemons-1.2.3/lib/daemons.rb:193:in `block in run_proc'
/var/lib/gems/1.9.1/gems/daemons-1.2.3/lib/daemons/cmdline.rb:88:in `call'
/var/lib/gems/1.9.1/gems/daemons-1.2.3/lib/daemons/cmdline.rb:88:in `catch_exceptions'
/var/lib/gems/1.9.1/gems/daemons-1.2.3/lib/daemons.rb:192:in `run_proc'
/var/lib/gems/1.9.1/gems/clockwork-1.2.0/bin/clockworkd:84:in `<top (required)>'
/usr/local/bin/clockworkd:23:in `load'
/usr/local/bin/clockworkd:23:in `<main>'
I, [2016-03-20T11:11:55.001273 #32639]  INFO -- : Triggering 'work'
seeking in http://galaxyheavyblow.web.fc2.com/
107
hyoga0216@gmail.com
iso-8859-1
 
seeking in http://galaxyheavyblow.web.fc2.com/
108
hyoga0216@gmail.com
iso-8859-1
 
seeking in http://urasunday.com/takunomi/index.html
16杯目
hyoga0216@gmail.com
utf-8
 
seeking in https://hoge.com
test
hyoga0216@gmail.com
E, [2016-03-20T11:14:03.389762 #32639] ERROR -- : Connection timed out - connect(2) (Errno::ETIMEDOUT)
/usr/lib/ruby/1.9.1/net/http.rb:763:in `initialize'
/usr/lib/ruby/1.9.1/net/http.rb:763:in `open'
/usr/lib/ruby/1.9.1/net/http.rb:763:in `block in connect'
/usr/lib/ruby/1.9.1/timeout.rb:55:in `timeout'
/usr/lib/ruby/1.9.1/timeout.rb:100:in `timeout'
/usr/lib/ruby/1.9.1/net/http.rb:763:in `connect'
/usr/lib/ruby/1.9.1/net/http.rb:756:in `do_start'
/usr/lib/ruby/1.9.1/net/http.rb:745:in `start'
/usr/lib/ruby/1.9.1/open-uri.rb:306:in `open_http'
/usr/lib/ruby/1.9.1/open-uri.rb:775:in `buffer_open'
/usr/lib/ruby/1.9.1/open-uri.rb:203:in `block in open_loop'
/usr/lib/ruby/1.9.1/open-uri.rb:201:in `catch'
/usr/lib/ruby/1.9.1/open-uri.rb:201:in `open_loop'
/usr/lib/ruby/1.9.1/open-uri.rb:146:in `open_uri'
/usr/lib/ruby/1.9.1/open-uri.rb:677:in `open'
/usr/lib/ruby/1.9.1/open-uri.rb:33:in `open'
/projects/notice/notice.rb:66:in `show_charset'
/projects/notice/notice.rb:93:in `notice'
/projects/notice/clock.rb:20:in `block (2 levels) in <top (required)>'
/projects/notice/clock.rb:16:in `each'
/projects/notice/clock.rb:16:in `block in <top (required)>'
/var/lib/gems/1.9.1/gems/clockwork-1.2.0/lib/clockwork/event.rb:54:in `call'
/var/lib/gems/1.9.1/gems/clockwork-1.2.0/lib/clockwork/event.rb:54:in `execute'
/var/lib/gems/1.9.1/gems/clockwork-1.2.0/lib/clockwork/event.rb:44:in `run'
/var/lib/gems/1.9.1/gems/clockwork-1.2.0/lib/clockwork/manager.rb:75:in `block in tick'
/var/lib/gems/1.9.1/gems/clockwork-1.2.0/lib/clockwork/manager.rb:73:in `each'
/var/lib/gems/1.9.1/gems/clockwork-1.2.0/lib/clockwork/manager.rb:73:in `tick'
/var/lib/gems/1.9.1/gems/clockwork-1.2.0/lib/clockwork/manager.rb:64:in `block in run'
/var/lib/gems/1.9.1/gems/clockwork-1.2.0/lib/clockwork/manager.rb:63:in `loop'
/var/lib/gems/1.9.1/gems/clockwork-1.2.0/lib/clockwork/manager.rb:63:in `run'
/var/lib/gems/1.9.1/gems/clockwork-1.2.0/lib/clockwork.rb:46:in `run'
/var/lib/gems/1.9.1/gems/clockwork-1.2.0/bin/clockworkd:90:in `block in <top (required)>'
/var/lib/gems/1.9.1/gems/daemons-1.2.3/lib/daemons/application.rb:265:in `call'
/var/lib/gems/1.9.1/gems/daemons-1.2.3/lib/daemons/application.rb:265:in `block in start_proc'
/var/lib/gems/1.9.1/gems/daemons-1.2.3/lib/daemons/daemonize.rb:84:in `call'
/var/lib/gems/1.9.1/gems/daemons-1.2.3/lib/daemons/daemonize.rb:84:in `call_as_daemon'
/var/lib/gems/1.9.1/gems/daemons-1.2.3/lib/daemons/application.rb:269:in `start_proc'
/var/lib/gems/1.9.1/gems/daemons-1.2.3/lib/daemons/application.rb:295:in `start'
/var/lib/gems/1.9.1/gems/daemons-1.2.3/lib/daemons/controller.rb:56:in `run'
/var/lib/gems/1.9.1/gems/daemons-1.2.3/lib/daemons.rb:193:in `block in run_proc'
/var/lib/gems/1.9.1/gems/daemons-1.2.3/lib/daemons/cmdline.rb:88:in `call'
/var/lib/gems/1.9.1/gems/daemons-1.2.3/lib/daemons/cmdline.rb:88:in `catch_exceptions'
/var/lib/gems/1.9.1/gems/daemons-1.2.3/lib/daemons.rb:192:in `run_proc'
/var/lib/gems/1.9.1/gems/clockwork-1.2.0/bin/clockworkd:84:in `<top (required)>'
/usr/local/bin/clockworkd:23:in `load'
/usr/local/bin/clockworkd:23:in `<main>'
I, [2016-03-20T11:41:55.001389 #32639]  INFO -- : Triggering 'work'
seeking in http://galaxyheavyblow.web.fc2.com/
107
hyoga0216@gmail.com
iso-8859-1
 
seeking in http://galaxyheavyblow.web.fc2.com/
108
hyoga0216@gmail.com
iso-8859-1
 
seeking in http://urasunday.com/takunomi/index.html
16杯目
hyoga0216@gmail.com
utf-8
 
seeking in https://hoge.com
test
hyoga0216@gmail.com
E, [2016-03-20T11:44:03.198058 #32639] ERROR -- : Connection timed out - connect(2) (Errno::ETIMEDOUT)
/usr/lib/ruby/1.9.1/net/http.rb:763:in `initialize'
/usr/lib/ruby/1.9.1/net/http.rb:763:in `open'
/usr/lib/ruby/1.9.1/net/http.rb:763:in `block in connect'
/usr/lib/ruby/1.9.1/timeout.rb:55:in `timeout'
/usr/lib/ruby/1.9.1/timeout.rb:100:in `timeout'
/usr/lib/ruby/1.9.1/net/http.rb:763:in `connect'
/usr/lib/ruby/1.9.1/net/http.rb:756:in `do_start'
/usr/lib/ruby/1.9.1/net/http.rb:745:in `start'
/usr/lib/ruby/1.9.1/open-uri.rb:306:in `open_http'
/usr/lib/ruby/1.9.1/open-uri.rb:775:in `buffer_open'
/usr/lib/ruby/1.9.1/open-uri.rb:203:in `block in open_loop'
/usr/lib/ruby/1.9.1/open-uri.rb:201:in `catch'
/usr/lib/ruby/1.9.1/open-uri.rb:201:in `open_loop'
/usr/lib/ruby/1.9.1/open-uri.rb:146:in `open_uri'
/usr/lib/ruby/1.9.1/open-uri.rb:677:in `open'
/usr/lib/ruby/1.9.1/open-uri.rb:33:in `open'
/projects/notice/notice.rb:66:in `show_charset'
/projects/notice/notice.rb:93:in `notice'
/projects/notice/clock.rb:20:in `block (2 levels) in <top (required)>'
/projects/notice/clock.rb:16:in `each'
/projects/notice/clock.rb:16:in `block in <top (required)>'
/var/lib/gems/1.9.1/gems/clockwork-1.2.0/lib/clockwork/event.rb:54:in `call'
/var/lib/gems/1.9.1/gems/clockwork-1.2.0/lib/clockwork/event.rb:54:in `execute'
/var/lib/gems/1.9.1/gems/clockwork-1.2.0/lib/clockwork/event.rb:44:in `run'
/var/lib/gems/1.9.1/gems/clockwork-1.2.0/lib/clockwork/manager.rb:75:in `block in tick'
/var/lib/gems/1.9.1/gems/clockwork-1.2.0/lib/clockwork/manager.rb:73:in `each'
/var/lib/gems/1.9.1/gems/clockwork-1.2.0/lib/clockwork/manager.rb:73:in `tick'
/var/lib/gems/1.9.1/gems/clockwork-1.2.0/lib/clockwork/manager.rb:64:in `block in run'
/var/lib/gems/1.9.1/gems/clockwork-1.2.0/lib/clockwork/manager.rb:63:in `loop'
/var/lib/gems/1.9.1/gems/clockwork-1.2.0/lib/clockwork/manager.rb:63:in `run'
/var/lib/gems/1.9.1/gems/clockwork-1.2.0/lib/clockwork.rb:46:in `run'
/var/lib/gems/1.9.1/gems/clockwork-1.2.0/bin/clockworkd:90:in `block in <top (required)>'
/var/lib/gems/1.9.1/gems/daemons-1.2.3/lib/daemons/application.rb:265:in `call'
/var/lib/gems/1.9.1/gems/daemons-1.2.3/lib/daemons/application.rb:265:in `block in start_proc'
/var/lib/gems/1.9.1/gems/daemons-1.2.3/lib/daemons/daemonize.rb:84:in `call'
/var/lib/gems/1.9.1/gems/daemons-1.2.3/lib/daemons/daemonize.rb:84:in `call_as_daemon'
/var/lib/gems/1.9.1/gems/daemons-1.2.3/lib/daemons/application.rb:269:in `start_proc'
/var/lib/gems/1.9.1/gems/daemons-1.2.3/lib/daemons/application.rb:295:in `start'
/var/lib/gems/1.9.1/gems/daemons-1.2.3/lib/daemons/controller.rb:56:in `run'
/var/lib/gems/1.9.1/gems/daemons-1.2.3/lib/daemons.rb:193:in `block in run_proc'
/var/lib/gems/1.9.1/gems/daemons-1.2.3/lib/daemons/cmdline.rb:88:in `call'
/var/lib/gems/1.9.1/gems/daemons-1.2.3/lib/daemons/cmdline.rb:88:in `catch_exceptions'
/var/lib/gems/1.9.1/gems/daemons-1.2.3/lib/daemons.rb:192:in `run_proc'
/var/lib/gems/1.9.1/gems/clockwork-1.2.0/bin/clockworkd:84:in `<top (required)>'
/usr/local/bin/clockworkd:23:in `load'
/usr/local/bin/clockworkd:23:in `<main>'
I, [2016-03-20T12:11:55.001384 #32639]  INFO -- : Triggering 'work'
seeking in http://galaxyheavyblow.web.fc2.com/
107
hyoga0216@gmail.com
iso-8859-1
 
seeking in http://galaxyheavyblow.web.fc2.com/
108
hyoga0216@gmail.com
iso-8859-1
 
seeking in http://urasunday.com/takunomi/index.html
16杯目
hyoga0216@gmail.com
utf-8
 
seeking in https://hoge.com
test
hyoga0216@gmail.com
E, [2016-03-20T12:14:03.005812 #32639] ERROR -- : Connection timed out - connect(2) (Errno::ETIMEDOUT)
/usr/lib/ruby/1.9.1/net/http.rb:763:in `initialize'
/usr/lib/ruby/1.9.1/net/http.rb:763:in `open'
/usr/lib/ruby/1.9.1/net/http.rb:763:in `block in connect'
/usr/lib/ruby/1.9.1/timeout.rb:55:in `timeout'
/usr/lib/ruby/1.9.1/timeout.rb:100:in `timeout'
/usr/lib/ruby/1.9.1/net/http.rb:763:in `connect'
/usr/lib/ruby/1.9.1/net/http.rb:756:in `do_start'
/usr/lib/ruby/1.9.1/net/http.rb:745:in `start'
/usr/lib/ruby/1.9.1/open-uri.rb:306:in `open_http'
/usr/lib/ruby/1.9.1/open-uri.rb:775:in `buffer_open'
/usr/lib/ruby/1.9.1/open-uri.rb:203:in `block in open_loop'
/usr/lib/ruby/1.9.1/open-uri.rb:201:in `catch'
/usr/lib/ruby/1.9.1/open-uri.rb:201:in `open_loop'
/usr/lib/ruby/1.9.1/open-uri.rb:146:in `open_uri'
/usr/lib/ruby/1.9.1/open-uri.rb:677:in `open'
/usr/lib/ruby/1.9.1/open-uri.rb:33:in `open'
/projects/notice/notice.rb:66:in `show_charset'
/projects/notice/notice.rb:93:in `notice'
/projects/notice/clock.rb:20:in `block (2 levels) in <top (required)>'
/projects/notice/clock.rb:16:in `each'
/projects/notice/clock.rb:16:in `block in <top (required)>'
/var/lib/gems/1.9.1/gems/clockwork-1.2.0/lib/clockwork/event.rb:54:in `call'
/var/lib/gems/1.9.1/gems/clockwork-1.2.0/lib/clockwork/event.rb:54:in `execute'
/var/lib/gems/1.9.1/gems/clockwork-1.2.0/lib/clockwork/event.rb:44:in `run'
/var/lib/gems/1.9.1/gems/clockwork-1.2.0/lib/clockwork/manager.rb:75:in `block in tick'
/var/lib/gems/1.9.1/gems/clockwork-1.2.0/lib/clockwork/manager.rb:73:in `each'
/var/lib/gems/1.9.1/gems/clockwork-1.2.0/lib/clockwork/manager.rb:73:in `tick'
/var/lib/gems/1.9.1/gems/clockwork-1.2.0/lib/clockwork/manager.rb:64:in `block in run'
/var/lib/gems/1.9.1/gems/clockwork-1.2.0/lib/clockwork/manager.rb:63:in `loop'
/var/lib/gems/1.9.1/gems/clockwork-1.2.0/lib/clockwork/manager.rb:63:in `run'
/var/lib/gems/1.9.1/gems/clockwork-1.2.0/lib/clockwork.rb:46:in `run'
/var/lib/gems/1.9.1/gems/clockwork-1.2.0/bin/clockworkd:90:in `block in <top (required)>'
/var/lib/gems/1.9.1/gems/daemons-1.2.3/lib/daemons/application.rb:265:in `call'
/var/lib/gems/1.9.1/gems/daemons-1.2.3/lib/daemons/application.rb:265:in `block in start_proc'
/var/lib/gems/1.9.1/gems/daemons-1.2.3/lib/daemons/daemonize.rb:84:in `call'
/var/lib/gems/1.9.1/gems/daemons-1.2.3/lib/daemons/daemonize.rb:84:in `call_as_daemon'
/var/lib/gems/1.9.1/gems/daemons-1.2.3/lib/daemons/application.rb:269:in `start_proc'
/var/lib/gems/1.9.1/gems/daemons-1.2.3/lib/daemons/application.rb:295:in `start'
/var/lib/gems/1.9.1/gems/daemons-1.2.3/lib/daemons/controller.rb:56:in `run'
/var/lib/gems/1.9.1/gems/daemons-1.2.3/lib/daemons.rb:193:in `block in run_proc'
/var/lib/gems/1.9.1/gems/daemons-1.2.3/lib/daemons/cmdline.rb:88:in `call'
/var/lib/gems/1.9.1/gems/daemons-1.2.3/lib/daemons/cmdline.rb:88:in `catch_exceptions'
/var/lib/gems/1.9.1/gems/daemons-1.2.3/lib/daemons.rb:192:in `run_proc'
/var/lib/gems/1.9.1/gems/clockwork-1.2.0/bin/clockworkd:84:in `<top (required)>'
/usr/local/bin/clockworkd:23:in `load'
/usr/local/bin/clockworkd:23:in `<main>'
I, [2016-03-20T12:41:55.001297 #32639]  INFO -- : Triggering 'work'
seeking in http://galaxyheavyblow.web.fc2.com/
107
hyoga0216@gmail.com
iso-8859-1
 
seeking in http://galaxyheavyblow.web.fc2.com/
108
hyoga0216@gmail.com
iso-8859-1
 
seeking in http://urasunday.com/takunomi/index.html
16杯目
hyoga0216@gmail.com
utf-8
 
seeking in https://hoge.com
test
hyoga0216@gmail.com
E, [2016-03-20T12:44:03.198119 #32639] ERROR -- : Connection timed out - connect(2) (Errno::ETIMEDOUT)
/usr/lib/ruby/1.9.1/net/http.rb:763:in `initialize'
/usr/lib/ruby/1.9.1/net/http.rb:763:in `open'
/usr/lib/ruby/1.9.1/net/http.rb:763:in `block in connect'
/usr/lib/ruby/1.9.1/timeout.rb:55:in `timeout'
/usr/lib/ruby/1.9.1/timeout.rb:100:in `timeout'
/usr/lib/ruby/1.9.1/net/http.rb:763:in `connect'
/usr/lib/ruby/1.9.1/net/http.rb:756:in `do_start'
/usr/lib/ruby/1.9.1/net/http.rb:745:in `start'
/usr/lib/ruby/1.9.1/open-uri.rb:306:in `open_http'
/usr/lib/ruby/1.9.1/open-uri.rb:775:in `buffer_open'
/usr/lib/ruby/1.9.1/open-uri.rb:203:in `block in open_loop'
/usr/lib/ruby/1.9.1/open-uri.rb:201:in `catch'
/usr/lib/ruby/1.9.1/open-uri.rb:201:in `open_loop'
/usr/lib/ruby/1.9.1/open-uri.rb:146:in `open_uri'
/usr/lib/ruby/1.9.1/open-uri.rb:677:in `open'
/usr/lib/ruby/1.9.1/open-uri.rb:33:in `open'
/projects/notice/notice.rb:66:in `show_charset'
/projects/notice/notice.rb:93:in `notice'
/projects/notice/clock.rb:20:in `block (2 levels) in <top (required)>'
/projects/notice/clock.rb:16:in `each'
/projects/notice/clock.rb:16:in `block in <top (required)>'
/var/lib/gems/1.9.1/gems/clockwork-1.2.0/lib/clockwork/event.rb:54:in `call'
/var/lib/gems/1.9.1/gems/clockwork-1.2.0/lib/clockwork/event.rb:54:in `execute'
/var/lib/gems/1.9.1/gems/clockwork-1.2.0/lib/clockwork/event.rb:44:in `run'
/var/lib/gems/1.9.1/gems/clockwork-1.2.0/lib/clockwork/manager.rb:75:in `block in tick'
/var/lib/gems/1.9.1/gems/clockwork-1.2.0/lib/clockwork/manager.rb:73:in `each'
/var/lib/gems/1.9.1/gems/clockwork-1.2.0/lib/clockwork/manager.rb:73:in `tick'
/var/lib/gems/1.9.1/gems/clockwork-1.2.0/lib/clockwork/manager.rb:64:in `block in run'
/var/lib/gems/1.9.1/gems/clockwork-1.2.0/lib/clockwork/manager.rb:63:in `loop'
/var/lib/gems/1.9.1/gems/clockwork-1.2.0/lib/clockwork/manager.rb:63:in `run'
/var/lib/gems/1.9.1/gems/clockwork-1.2.0/lib/clockwork.rb:46:in `run'
/var/lib/gems/1.9.1/gems/clockwork-1.2.0/bin/clockworkd:90:in `block in <top (required)>'
/var/lib/gems/1.9.1/gems/daemons-1.2.3/lib/daemons/application.rb:265:in `call'
/var/lib/gems/1.9.1/gems/daemons-1.2.3/lib/daemons/application.rb:265:in `block in start_proc'
/var/lib/gems/1.9.1/gems/daemons-1.2.3/lib/daemons/daemonize.rb:84:in `call'
/var/lib/gems/1.9.1/gems/daemons-1.2.3/lib/daemons/daemonize.rb:84:in `call_as_daemon'
/var/lib/gems/1.9.1/gems/daemons-1.2.3/lib/daemons/application.rb:269:in `start_proc'
/var/lib/gems/1.9.1/gems/daemons-1.2.3/lib/daemons/application.rb:295:in `start'
/var/lib/gems/1.9.1/gems/daemons-1.2.3/lib/daemons/controller.rb:56:in `run'
/var/lib/gems/1.9.1/gems/daemons-1.2.3/lib/daemons.rb:193:in `block in run_proc'
/var/lib/gems/1.9.1/gems/daemons-1.2.3/lib/daemons/cmdline.rb:88:in `call'
/var/lib/gems/1.9.1/gems/daemons-1.2.3/lib/daemons/cmdline.rb:88:in `catch_exceptions'
/var/lib/gems/1.9.1/gems/daemons-1.2.3/lib/daemons.rb:192:in `run_proc'
/var/lib/gems/1.9.1/gems/clockwork-1.2.0/bin/clockworkd:84:in `<top (required)>'
/usr/local/bin/clockworkd:23:in `load'
/usr/local/bin/clockworkd:23:in `<main>'
I, [2016-03-20T13:11:55.001277 #32639]  INFO -- : Triggering 'work'
seeking in http://galaxyheavyblow.web.fc2.com/
107
hyoga0216@gmail.com
iso-8859-1
 
seeking in http://galaxyheavyblow.web.fc2.com/
108
hyoga0216@gmail.com
iso-8859-1
 
seeking in http://urasunday.com/takunomi/index.html
16杯目
hyoga0216@gmail.com
utf-8
 
seeking in https://hoge.com
test
hyoga0216@gmail.com
E, [2016-03-20T13:14:03.134019 #32639] ERROR -- : Connection timed out - connect(2) (Errno::ETIMEDOUT)
/usr/lib/ruby/1.9.1/net/http.rb:763:in `initialize'
/usr/lib/ruby/1.9.1/net/http.rb:763:in `open'
/usr/lib/ruby/1.9.1/net/http.rb:763:in `block in connect'
/usr/lib/ruby/1.9.1/timeout.rb:55:in `timeout'
/usr/lib/ruby/1.9.1/timeout.rb:100:in `timeout'
/usr/lib/ruby/1.9.1/net/http.rb:763:in `connect'
/usr/lib/ruby/1.9.1/net/http.rb:756:in `do_start'
/usr/lib/ruby/1.9.1/net/http.rb:745:in `start'
/usr/lib/ruby/1.9.1/open-uri.rb:306:in `open_http'
/usr/lib/ruby/1.9.1/open-uri.rb:775:in `buffer_open'
/usr/lib/ruby/1.9.1/open-uri.rb:203:in `block in open_loop'
/usr/lib/ruby/1.9.1/open-uri.rb:201:in `catch'
/usr/lib/ruby/1.9.1/open-uri.rb:201:in `open_loop'
/usr/lib/ruby/1.9.1/open-uri.rb:146:in `open_uri'
/usr/lib/ruby/1.9.1/open-uri.rb:677:in `open'
/usr/lib/ruby/1.9.1/open-uri.rb:33:in `open'
/projects/notice/notice.rb:66:in `show_charset'
/projects/notice/notice.rb:93:in `notice'
/projects/notice/clock.rb:20:in `block (2 levels) in <top (required)>'
/projects/notice/clock.rb:16:in `each'
/projects/notice/clock.rb:16:in `block in <top (required)>'
/var/lib/gems/1.9.1/gems/clockwork-1.2.0/lib/clockwork/event.rb:54:in `call'
/var/lib/gems/1.9.1/gems/clockwork-1.2.0/lib/clockwork/event.rb:54:in `execute'
/var/lib/gems/1.9.1/gems/clockwork-1.2.0/lib/clockwork/event.rb:44:in `run'
/var/lib/gems/1.9.1/gems/clockwork-1.2.0/lib/clockwork/manager.rb:75:in `block in tick'
/var/lib/gems/1.9.1/gems/clockwork-1.2.0/lib/clockwork/manager.rb:73:in `each'
/var/lib/gems/1.9.1/gems/clockwork-1.2.0/lib/clockwork/manager.rb:73:in `tick'
/var/lib/gems/1.9.1/gems/clockwork-1.2.0/lib/clockwork/manager.rb:64:in `block in run'
/var/lib/gems/1.9.1/gems/clockwork-1.2.0/lib/clockwork/manager.rb:63:in `loop'
/var/lib/gems/1.9.1/gems/clockwork-1.2.0/lib/clockwork/manager.rb:63:in `run'
/var/lib/gems/1.9.1/gems/clockwork-1.2.0/lib/clockwork.rb:46:in `run'
/var/lib/gems/1.9.1/gems/clockwork-1.2.0/bin/clockworkd:90:in `block in <top (required)>'
/var/lib/gems/1.9.1/gems/daemons-1.2.3/lib/daemons/application.rb:265:in `call'
/var/lib/gems/1.9.1/gems/daemons-1.2.3/lib/daemons/application.rb:265:in `block in start_proc'
/var/lib/gems/1.9.1/gems/daemons-1.2.3/lib/daemons/daemonize.rb:84:in `call'
/var/lib/gems/1.9.1/gems/daemons-1.2.3/lib/daemons/daemonize.rb:84:in `call_as_daemon'
/var/lib/gems/1.9.1/gems/daemons-1.2.3/lib/daemons/application.rb:269:in `start_proc'
/var/lib/gems/1.9.1/gems/daemons-1.2.3/lib/daemons/application.rb:295:in `start'
/var/lib/gems/1.9.1/gems/daemons-1.2.3/lib/daemons/controller.rb:56:in `run'
/var/lib/gems/1.9.1/gems/daemons-1.2.3/lib/daemons.rb:193:in `block in run_proc'
/var/lib/gems/1.9.1/gems/daemons-1.2.3/lib/daemons/cmdline.rb:88:in `call'
/var/lib/gems/1.9.1/gems/daemons-1.2.3/lib/daemons/cmdline.rb:88:in `catch_exceptions'
/var/lib/gems/1.9.1/gems/daemons-1.2.3/lib/daemons.rb:192:in `run_proc'
/var/lib/gems/1.9.1/gems/clockwork-1.2.0/bin/clockworkd:84:in `<top (required)>'
/usr/local/bin/clockworkd:23:in `load'
/usr/local/bin/clockworkd:23:in `<main>'
I, [2016-03-20T13:41:55.001228 #32639]  INFO -- : Triggering 'work'
seeking in http://galaxyheavyblow.web.fc2.com/
107
hyoga0216@gmail.com
iso-8859-1
 
seeking in http://galaxyheavyblow.web.fc2.com/
108
hyoga0216@gmail.com
iso-8859-1
 
seeking in http://urasunday.com/takunomi/index.html
16杯目
hyoga0216@gmail.com
utf-8
 
seeking in https://hoge.com
test
hyoga0216@gmail.com
E, [2016-03-20T13:44:03.325739 #32639] ERROR -- : Connection timed out - connect(2) (Errno::ETIMEDOUT)
/usr/lib/ruby/1.9.1/net/http.rb:763:in `initialize'
/usr/lib/ruby/1.9.1/net/http.rb:763:in `open'
/usr/lib/ruby/1.9.1/net/http.rb:763:in `block in connect'
/usr/lib/ruby/1.9.1/timeout.rb:55:in `timeout'
/usr/lib/ruby/1.9.1/timeout.rb:100:in `timeout'
/usr/lib/ruby/1.9.1/net/http.rb:763:in `connect'
/usr/lib/ruby/1.9.1/net/http.rb:756:in `do_start'
/usr/lib/ruby/1.9.1/net/http.rb:745:in `start'
/usr/lib/ruby/1.9.1/open-uri.rb:306:in `open_http'
/usr/lib/ruby/1.9.1/open-uri.rb:775:in `buffer_open'
/usr/lib/ruby/1.9.1/open-uri.rb:203:in `block in open_loop'
/usr/lib/ruby/1.9.1/open-uri.rb:201:in `catch'
/usr/lib/ruby/1.9.1/open-uri.rb:201:in `open_loop'
/usr/lib/ruby/1.9.1/open-uri.rb:146:in `open_uri'
/usr/lib/ruby/1.9.1/open-uri.rb:677:in `open'
/usr/lib/ruby/1.9.1/open-uri.rb:33:in `open'
/projects/notice/notice.rb:66:in `show_charset'
/projects/notice/notice.rb:93:in `notice'
/projects/notice/clock.rb:20:in `block (2 levels) in <top (required)>'
/projects/notice/clock.rb:16:in `each'
/projects/notice/clock.rb:16:in `block in <top (required)>'
/var/lib/gems/1.9.1/gems/clockwork-1.2.0/lib/clockwork/event.rb:54:in `call'
/var/lib/gems/1.9.1/gems/clockwork-1.2.0/lib/clockwork/event.rb:54:in `execute'
/var/lib/gems/1.9.1/gems/clockwork-1.2.0/lib/clockwork/event.rb:44:in `run'
/var/lib/gems/1.9.1/gems/clockwork-1.2.0/lib/clockwork/manager.rb:75:in `block in tick'
/var/lib/gems/1.9.1/gems/clockwork-1.2.0/lib/clockwork/manager.rb:73:in `each'
/var/lib/gems/1.9.1/gems/clockwork-1.2.0/lib/clockwork/manager.rb:73:in `tick'
/var/lib/gems/1.9.1/gems/clockwork-1.2.0/lib/clockwork/manager.rb:64:in `block in run'
/var/lib/gems/1.9.1/gems/clockwork-1.2.0/lib/clockwork/manager.rb:63:in `loop'
/var/lib/gems/1.9.1/gems/clockwork-1.2.0/lib/clockwork/manager.rb:63:in `run'
/var/lib/gems/1.9.1/gems/clockwork-1.2.0/lib/clockwork.rb:46:in `run'
/var/lib/gems/1.9.1/gems/clockwork-1.2.0/bin/clockworkd:90:in `block in <top (required)>'
/var/lib/gems/1.9.1/gems/daemons-1.2.3/lib/daemons/application.rb:265:in `call'
/var/lib/gems/1.9.1/gems/daemons-1.2.3/lib/daemons/application.rb:265:in `block in start_proc'
/var/lib/gems/1.9.1/gems/daemons-1.2.3/lib/daemons/daemonize.rb:84:in `call'
/var/lib/gems/1.9.1/gems/daemons-1.2.3/lib/daemons/daemonize.rb:84:in `call_as_daemon'
/var/lib/gems/1.9.1/gems/daemons-1.2.3/lib/daemons/application.rb:269:in `start_proc'
/var/lib/gems/1.9.1/gems/daemons-1.2.3/lib/daemons/application.rb:295:in `start'
/var/lib/gems/1.9.1/gems/daemons-1.2.3/lib/daemons/controller.rb:56:in `run'
/var/lib/gems/1.9.1/gems/daemons-1.2.3/lib/daemons.rb:193:in `block in run_proc'
/var/lib/gems/1.9.1/gems/daemons-1.2.3/lib/daemons/cmdline.rb:88:in `call'
/var/lib/gems/1.9.1/gems/daemons-1.2.3/lib/daemons/cmdline.rb:88:in `catch_exceptions'
/var/lib/gems/1.9.1/gems/daemons-1.2.3/lib/daemons.rb:192:in `run_proc'
/var/lib/gems/1.9.1/gems/clockwork-1.2.0/bin/clockworkd:84:in `<top (required)>'
/usr/local/bin/clockworkd:23:in `load'
/usr/local/bin/clockworkd:23:in `<main>'
I, [2016-03-20T14:11:55.001384 #32639]  INFO -- : Triggering 'work'
seeking in http://galaxyheavyblow.web.fc2.com/
107
hyoga0216@gmail.com
iso-8859-1
 
seeking in http://galaxyheavyblow.web.fc2.com/
108
hyoga0216@gmail.com
iso-8859-1
 
seeking in http://urasunday.com/takunomi/index.html
16杯目
hyoga0216@gmail.com
utf-8
 
seeking in https://hoge.com
test
hyoga0216@gmail.com
E, [2016-03-20T14:14:03.133803 #32639] ERROR -- : Connection timed out - connect(2) (Errno::ETIMEDOUT)
/usr/lib/ruby/1.9.1/net/http.rb:763:in `initialize'
/usr/lib/ruby/1.9.1/net/http.rb:763:in `open'
/usr/lib/ruby/1.9.1/net/http.rb:763:in `block in connect'
/usr/lib/ruby/1.9.1/timeout.rb:55:in `timeout'
/usr/lib/ruby/1.9.1/timeout.rb:100:in `timeout'
/usr/lib/ruby/1.9.1/net/http.rb:763:in `connect'
/usr/lib/ruby/1.9.1/net/http.rb:756:in `do_start'
/usr/lib/ruby/1.9.1/net/http.rb:745:in `start'
/usr/lib/ruby/1.9.1/open-uri.rb:306:in `open_http'
/usr/lib/ruby/1.9.1/open-uri.rb:775:in `buffer_open'
/usr/lib/ruby/1.9.1/open-uri.rb:203:in `block in open_loop'
/usr/lib/ruby/1.9.1/open-uri.rb:201:in `catch'
/usr/lib/ruby/1.9.1/open-uri.rb:201:in `open_loop'
/usr/lib/ruby/1.9.1/open-uri.rb:146:in `open_uri'
/usr/lib/ruby/1.9.1/open-uri.rb:677:in `open'
/usr/lib/ruby/1.9.1/open-uri.rb:33:in `open'
/projects/notice/notice.rb:66:in `show_charset'
/projects/notice/notice.rb:93:in `notice'
/projects/notice/clock.rb:20:in `block (2 levels) in <top (required)>'
/projects/notice/clock.rb:16:in `each'
/projects/notice/clock.rb:16:in `block in <top (required)>'
/var/lib/gems/1.9.1/gems/clockwork-1.2.0/lib/clockwork/event.rb:54:in `call'
/var/lib/gems/1.9.1/gems/clockwork-1.2.0/lib/clockwork/event.rb:54:in `execute'
/var/lib/gems/1.9.1/gems/clockwork-1.2.0/lib/clockwork/event.rb:44:in `run'
/var/lib/gems/1.9.1/gems/clockwork-1.2.0/lib/clockwork/manager.rb:75:in `block in tick'
/var/lib/gems/1.9.1/gems/clockwork-1.2.0/lib/clockwork/manager.rb:73:in `each'
/var/lib/gems/1.9.1/gems/clockwork-1.2.0/lib/clockwork/manager.rb:73:in `tick'
/var/lib/gems/1.9.1/gems/clockwork-1.2.0/lib/clockwork/manager.rb:64:in `block in run'
/var/lib/gems/1.9.1/gems/clockwork-1.2.0/lib/clockwork/manager.rb:63:in `loop'
/var/lib/gems/1.9.1/gems/clockwork-1.2.0/lib/clockwork/manager.rb:63:in `run'
/var/lib/gems/1.9.1/gems/clockwork-1.2.0/lib/clockwork.rb:46:in `run'
/var/lib/gems/1.9.1/gems/clockwork-1.2.0/bin/clockworkd:90:in `block in <top (required)>'
/var/lib/gems/1.9.1/gems/daemons-1.2.3/lib/daemons/application.rb:265:in `call'
/var/lib/gems/1.9.1/gems/daemons-1.2.3/lib/daemons/application.rb:265:in `block in start_proc'
/var/lib/gems/1.9.1/gems/daemons-1.2.3/lib/daemons/daemonize.rb:84:in `call'
/var/lib/gems/1.9.1/gems/daemons-1.2.3/lib/daemons/daemonize.rb:84:in `call_as_daemon'
/var/lib/gems/1.9.1/gems/daemons-1.2.3/lib/daemons/application.rb:269:in `start_proc'
/var/lib/gems/1.9.1/gems/daemons-1.2.3/lib/daemons/application.rb:295:in `start'
/var/lib/gems/1.9.1/gems/daemons-1.2.3/lib/daemons/controller.rb:56:in `run'
/var/lib/gems/1.9.1/gems/daemons-1.2.3/lib/daemons.rb:193:in `block in run_proc'
/var/lib/gems/1.9.1/gems/daemons-1.2.3/lib/daemons/cmdline.rb:88:in `call'
/var/lib/gems/1.9.1/gems/daemons-1.2.3/lib/daemons/cmdline.rb:88:in `catch_exceptions'
/var/lib/gems/1.9.1/gems/daemons-1.2.3/lib/daemons.rb:192:in `run_proc'
/var/lib/gems/1.9.1/gems/clockwork-1.2.0/bin/clockworkd:84:in `<top (required)>'
/usr/local/bin/clockworkd:23:in `load'
/usr/local/bin/clockworkd:23:in `<main>'
I, [2016-03-20T14:41:55.001296 #32639]  INFO -- : Triggering 'work'
seeking in http://galaxyheavyblow.web.fc2.com/
107
hyoga0216@gmail.com
iso-8859-1
 
seeking in http://galaxyheavyblow.web.fc2.com/
108
hyoga0216@gmail.com
iso-8859-1
 
seeking in http://urasunday.com/takunomi/index.html
16杯目
hyoga0216@gmail.com
utf-8
 
work end
