I, [2016-03-22T14:35:27.465053 #28865]  INFO -- : reaped #<Process::Status: pid 28868 exit 0> worker=0
I, [2016-03-22T14:35:27.465176 #28865]  INFO -- : reaped #<Process::Status: pid 28870 exit 0> worker=1
I, [2016-03-22T14:35:27.465270 #28865]  INFO -- : master complete
I, [2016-03-22T14:38:41.416718 #29795]  INFO -- : unlinking existing socket=/projects/notice/tmp/sockets/unicorn.sock
I, [2016-03-22T14:38:41.416893 #29795]  INFO -- : listening on addr=/projects/notice/tmp/sockets/unicorn.sock fd=8
I, [2016-03-22T14:38:41.416992 #29795]  INFO -- : worker=0 spawning...
I, [2016-03-22T14:38:41.417824 #29795]  INFO -- : worker=1 spawning...
I, [2016-03-22T14:38:41.418237 #29795]  INFO -- : master process ready
I, [2016-03-22T14:38:41.418685 #29798]  INFO -- : worker=0 spawned pid=29798
I, [2016-03-22T14:38:41.418784 #29798]  INFO -- : Refreshing Gem list
I, [2016-03-22T14:38:41.420521 #29800]  INFO -- : worker=1 spawned pid=29800
I, [2016-03-22T14:38:41.420619 #29800]  INFO -- : Refreshing Gem list
I, [2016-03-22T14:38:41.734972 #29798]  INFO -- : worker=0 ready
I, [2016-03-22T14:38:41.735237 #29800]  INFO -- : worker=1 ready
I, [2016-03-22T14:50:30.773541 #30054]  INFO -- : unlinking existing socket=/projects/notice/tmp/sockets/unicorn.sock
I, [2016-03-22T14:50:30.773776 #30054]  INFO -- : listening on addr=/projects/notice/tmp/sockets/unicorn.sock fd=8
I, [2016-03-22T14:50:30.773918 #30054]  INFO -- : worker=0 spawning...
I, [2016-03-22T14:50:30.774578 #30054]  INFO -- : worker=1 spawning...
I, [2016-03-22T14:50:30.775107 #30054]  INFO -- : master process ready
I, [2016-03-22T14:50:30.775941 #30057]  INFO -- : worker=0 spawned pid=30057
I, [2016-03-22T14:50:30.776170 #30057]  INFO -- : Refreshing Gem list
I, [2016-03-22T14:50:30.782776 #30059]  INFO -- : worker=1 spawned pid=30059
I, [2016-03-22T14:50:30.782892 #30059]  INFO -- : Refreshing Gem list
I, [2016-03-22T14:50:31.132707 #30057]  INFO -- : worker=0 ready
I, [2016-03-22T14:50:31.138581 #30059]  INFO -- : worker=1 ready
153.235.146.172 - - [22/Mar/2016:14:50:35 +0900] "GET /config HTTP/1.0" 200 3327 0.0269
153.235.146.172 - - [22/Mar/2016:14:50:35 +0900] "GET /materialize/css/materialize.css HTTP/1.0" 304 - 0.0012
153.235.146.172 - - [22/Mar/2016:14:50:35 +0900] "GET /jquery-2.1.4.min.js HTTP/1.0" 304 - 0.0007
153.235.146.172 - - [22/Mar/2016:14:50:35 +0900] "GET /materialize/js/materialize.js HTTP/1.0" 304 - 0.0008
153.235.146.172 - - [22/Mar/2016:14:50:35 +0900] "GET /style.css HTTP/1.0" 304 - 0.0237
153.235.146.172 - - [22/Mar/2016:14:50:35 +0900] "GET /material.js HTTP/1.0" 304 - 0.0009
153.235.146.172 - - [22/Mar/2016:14:50:36 +0900] "GET /script.js HTTP/1.0" 304 - 0.0010
153.235.146.172 - - [22/Mar/2016:14:50:36 +0900] "GET /footerFixed.js HTTP/1.0" 304 - 0.0008
153.235.146.172 - - [22/Mar/2016:14:50:36 +0900] "GET /materialize/font/roboto/Roboto-Light.woff2 HTTP/1.0" 304 - 0.0010
153.235.146.172 - - [22/Mar/2016:14:50:36 +0900] "GET /materialize/font/roboto/Roboto-Regular.woff2 HTTP/1.0" 304 - 0.0132
2016-03-22 14:50:39 - NoMethodError - undefined method `length' for nil:NilClass:
	/projects/notice/views/config.erb:12:in `block in singletonclass'
	/projects/notice/views/config.erb:65530:in `instance_eval'
	/projects/notice/views/config.erb:65530:in `singletonclass'
	/projects/notice/views/config.erb:65528:in `__tilt_14704660'
	/var/lib/gems/1.9.1/gems/tilt-2.0.2/lib/tilt/template.rb:164:in `call'
	/var/lib/gems/1.9.1/gems/tilt-2.0.2/lib/tilt/template.rb:164:in `evaluate'
	/var/lib/gems/1.9.1/gems/tilt-2.0.2/lib/tilt/template.rb:99:in `render'
	/var/lib/gems/1.9.1/gems/sinatra-1.4.7/lib/sinatra/base.rb:823:in `render'
	/var/lib/gems/1.9.1/gems/sinatra-1.4.7/lib/sinatra/base.rb:667:in `erb'
	/projects/notice/app.rb:78:in `block in <class:NoticeWeb>'
	/var/lib/gems/1.9.1/gems/sinatra-1.4.7/lib/sinatra/base.rb:1611:in `call'
	/var/lib/gems/1.9.1/gems/sinatra-1.4.7/lib/sinatra/base.rb:1611:in `block in compile!'
	/var/lib/gems/1.9.1/gems/sinatra-1.4.7/lib/sinatra/base.rb:975:in `[]'
	/var/lib/gems/1.9.1/gems/sinatra-1.4.7/lib/sinatra/base.rb:975:in `block (3 levels) in route!'
	/var/lib/gems/1.9.1/gems/sinatra-1.4.7/lib/sinatra/base.rb:994:in `route_eval'
	/var/lib/gems/1.9.1/gems/sinatra-1.4.7/lib/sinatra/base.rb:975:in `block (2 levels) in route!'
	/var/lib/gems/1.9.1/gems/sinatra-1.4.7/lib/sinatra/base.rb:1015:in `block in process_route'
	/var/lib/gems/1.9.1/gems/sinatra-1.4.7/lib/sinatra/base.rb:1013:in `catch'
	/var/lib/gems/1.9.1/gems/sinatra-1.4.7/lib/sinatra/base.rb:1013:in `process_route'
	/var/lib/gems/1.9.1/gems/sinatra-1.4.7/lib/sinatra/base.rb:973:in `block in route!'
	/var/lib/gems/1.9.1/gems/sinatra-1.4.7/lib/sinatra/base.rb:972:in `each'
	/var/lib/gems/1.9.1/gems/sinatra-1.4.7/lib/sinatra/base.rb:972:in `route!'
	/var/lib/gems/1.9.1/gems/sinatra-1.4.7/lib/sinatra/base.rb:1085:in `block in dispatch!'
	/var/lib/gems/1.9.1/gems/sinatra-1.4.7/lib/sinatra/base.rb:1067:in `block in invoke'
	/var/lib/gems/1.9.1/gems/sinatra-1.4.7/lib/sinatra/base.rb:1067:in `catch'
	/var/lib/gems/1.9.1/gems/sinatra-1.4.7/lib/sinatra/base.rb:1067:in `invoke'
	/var/lib/gems/1.9.1/gems/sinatra-1.4.7/lib/sinatra/base.rb:1082:in `dispatch!'
	/var/lib/gems/1.9.1/gems/sinatra-1.4.7/lib/sinatra/base.rb:907:in `block in call!'
	/var/lib/gems/1.9.1/gems/sinatra-1.4.7/lib/sinatra/base.rb:1067:in `block in invoke'
	/var/lib/gems/1.9.1/gems/sinatra-1.4.7/lib/sinatra/base.rb:1067:in `catch'
	/var/lib/gems/1.9.1/gems/sinatra-1.4.7/lib/sinatra/base.rb:1067:in `invoke'
	/var/lib/gems/1.9.1/gems/sinatra-1.4.7/lib/sinatra/base.rb:907:in `call!'
	/var/lib/gems/1.9.1/gems/sinatra-1.4.7/lib/sinatra/base.rb:895:in `call'
	/var/lib/gems/1.9.1/gems/rack-protection-1.5.3/lib/rack/protection/xss_header.rb:18:in `call'
	/var/lib/gems/1.9.1/gems/rack-protection-1.5.3/lib/rack/protection/path_traversal.rb:16:in `call'
	/var/lib/gems/1.9.1/gems/rack-protection-1.5.3/lib/rack/protection/json_csrf.rb:18:in `call'
	/var/lib/gems/1.9.1/gems/rack-protection-1.5.3/lib/rack/protection/base.rb:49:in `call'
	/var/lib/gems/1.9.1/gems/rack-protection-1.5.3/lib/rack/protection/base.rb:49:in `call'
	/var/lib/gems/1.9.1/gems/rack-protection-1.5.3/lib/rack/protection/frame_options.rb:31:in `call'
	/var/lib/gems/1.9.1/gems/rack-1.6.4/lib/rack/nulllogger.rb:9:in `call'
	/var/lib/gems/1.9.1/gems/rack-1.6.4/lib/rack/head.rb:13:in `call'
	/var/lib/gems/1.9.1/gems/sinatra-1.4.7/lib/sinatra/show_exceptions.rb:25:in `call'
	/var/lib/gems/1.9.1/gems/sinatra-1.4.7/lib/sinatra/base.rb:182:in `call'
	/var/lib/gems/1.9.1/gems/sinatra-1.4.7/lib/sinatra/base.rb:2013:in `call'
	/var/lib/gems/1.9.1/gems/sinatra-1.4.7/lib/sinatra/base.rb:1487:in `block in call'
	/var/lib/gems/1.9.1/gems/sinatra-1.4.7/lib/sinatra/base.rb:1787:in `synchronize'
	/var/lib/gems/1.9.1/gems/sinatra-1.4.7/lib/sinatra/base.rb:1487:in `call'
	/var/lib/gems/1.9.1/gems/rack-1.6.4/lib/rack/tempfile_reaper.rb:15:in `call'
	/var/lib/gems/1.9.1/gems/rack-1.6.4/lib/rack/lint.rb:49:in `_call'
	/var/lib/gems/1.9.1/gems/rack-1.6.4/lib/rack/lint.rb:37:in `call'
	/var/lib/gems/1.9.1/gems/rack-1.6.4/lib/rack/showexceptions.rb:24:in `call'
	/var/lib/gems/1.9.1/gems/rack-1.6.4/lib/rack/commonlogger.rb:33:in `call'
	/var/lib/gems/1.9.1/gems/sinatra-1.4.7/lib/sinatra/base.rb:219:in `call'
	/var/lib/gems/1.9.1/gems/rack-1.6.4/lib/rack/chunked.rb:54:in `call'
	/var/lib/gems/1.9.1/gems/rack-1.6.4/lib/rack/content_length.rb:15:in `call'
	/var/lib/gems/1.9.1/gems/unicorn-5.0.1/lib/unicorn/http_server.rb:562:in `process_client'
	/var/lib/gems/1.9.1/gems/unicorn-5.0.1/lib/unicorn/http_server.rb:658:in `worker_loop'
	/var/lib/gems/1.9.1/gems/unicorn-5.0.1/lib/unicorn/http_server.rb:508:in `spawn_missing_workers'
	/var/lib/gems/1.9.1/gems/unicorn-5.0.1/lib/unicorn/http_server.rb:132:in `start'
	/var/lib/gems/1.9.1/gems/unicorn-5.0.1/bin/unicorn:126:in `<top (required)>'
	/usr/local/bin/unicorn:23:in `load'
	/usr/local/bin/unicorn:23:in `<main>'
153.235.146.172 - - [22/Mar/2016:14:50:39 +0900] "GET /config/aaaaa HTTP/1.0" 500 175600 0.0482
I, [2016-03-22T14:53:10.357674 #30054]  INFO -- : reaped #<Process::Status: pid 30057 exit 0> worker=0
I, [2016-03-22T14:53:10.357776 #30054]  INFO -- : reaped #<Process::Status: pid 30059 exit 0> worker=1
I, [2016-03-22T14:53:10.357882 #30054]  INFO -- : master complete
I, [2016-03-22T14:53:12.874071 #30112]  INFO -- : unlinking existing socket=/projects/notice/tmp/sockets/unicorn.sock
I, [2016-03-22T14:53:12.874273 #30112]  INFO -- : listening on addr=/projects/notice/tmp/sockets/unicorn.sock fd=8
I, [2016-03-22T14:53:12.874388 #30112]  INFO -- : worker=0 spawning...
I, [2016-03-22T14:53:12.874826 #30112]  INFO -- : worker=1 spawning...
I, [2016-03-22T14:53:12.875218 #30112]  INFO -- : master process ready
I, [2016-03-22T14:53:12.875739 #30115]  INFO -- : worker=0 spawned pid=30115
I, [2016-03-22T14:53:12.875854 #30115]  INFO -- : Refreshing Gem list
I, [2016-03-22T14:53:12.877750 #30117]  INFO -- : worker=1 spawned pid=30117
I, [2016-03-22T14:53:12.877868 #30117]  INFO -- : Refreshing Gem list
I, [2016-03-22T14:53:13.212808 #30117]  INFO -- : worker=1 ready
I, [2016-03-22T14:53:13.214902 #30115]  INFO -- : worker=0 ready
2016-03-22 14:53:15 - NameError - uninitialized constant ArgmentError:
	/projects/notice/notice.rb:47:in `check_mail'
	/projects/notice/app.rb:53:in `block in <class:NoticeWeb>'
	/var/lib/gems/1.9.1/gems/sinatra-1.4.7/lib/sinatra/base.rb:1611:in `call'
	/var/lib/gems/1.9.1/gems/sinatra-1.4.7/lib/sinatra/base.rb:1611:in `block in compile!'
	/var/lib/gems/1.9.1/gems/sinatra-1.4.7/lib/sinatra/base.rb:975:in `[]'
	/var/lib/gems/1.9.1/gems/sinatra-1.4.7/lib/sinatra/base.rb:975:in `block (3 levels) in route!'
	/var/lib/gems/1.9.1/gems/sinatra-1.4.7/lib/sinatra/base.rb:994:in `route_eval'
	/var/lib/gems/1.9.1/gems/sinatra-1.4.7/lib/sinatra/base.rb:975:in `block (2 levels) in route!'
	/var/lib/gems/1.9.1/gems/sinatra-1.4.7/lib/sinatra/base.rb:1015:in `block in process_route'
	/var/lib/gems/1.9.1/gems/sinatra-1.4.7/lib/sinatra/base.rb:1013:in `catch'
	/var/lib/gems/1.9.1/gems/sinatra-1.4.7/lib/sinatra/base.rb:1013:in `process_route'
	/var/lib/gems/1.9.1/gems/sinatra-1.4.7/lib/sinatra/base.rb:973:in `block in route!'
	/var/lib/gems/1.9.1/gems/sinatra-1.4.7/lib/sinatra/base.rb:972:in `each'
	/var/lib/gems/1.9.1/gems/sinatra-1.4.7/lib/sinatra/base.rb:972:in `route!'
	/var/lib/gems/1.9.1/gems/sinatra-1.4.7/lib/sinatra/base.rb:1085:in `block in dispatch!'
	/var/lib/gems/1.9.1/gems/sinatra-1.4.7/lib/sinatra/base.rb:1067:in `block in invoke'
	/var/lib/gems/1.9.1/gems/sinatra-1.4.7/lib/sinatra/base.rb:1067:in `catch'
	/var/lib/gems/1.9.1/gems/sinatra-1.4.7/lib/sinatra/base.rb:1067:in `invoke'
	/var/lib/gems/1.9.1/gems/sinatra-1.4.7/lib/sinatra/base.rb:1082:in `dispatch!'
	/var/lib/gems/1.9.1/gems/sinatra-1.4.7/lib/sinatra/base.rb:907:in `block in call!'
	/var/lib/gems/1.9.1/gems/sinatra-1.4.7/lib/sinatra/base.rb:1067:in `block in invoke'
	/var/lib/gems/1.9.1/gems/sinatra-1.4.7/lib/sinatra/base.rb:1067:in `catch'
	/var/lib/gems/1.9.1/gems/sinatra-1.4.7/lib/sinatra/base.rb:1067:in `invoke'
	/var/lib/gems/1.9.1/gems/sinatra-1.4.7/lib/sinatra/base.rb:907:in `call!'
	/var/lib/gems/1.9.1/gems/sinatra-1.4.7/lib/sinatra/base.rb:895:in `call'
	/var/lib/gems/1.9.1/gems/rack-protection-1.5.3/lib/rack/protection/xss_header.rb:18:in `call'
	/var/lib/gems/1.9.1/gems/rack-protection-1.5.3/lib/rack/protection/path_traversal.rb:16:in `call'
	/var/lib/gems/1.9.1/gems/rack-protection-1.5.3/lib/rack/protection/json_csrf.rb:18:in `call'
	/var/lib/gems/1.9.1/gems/rack-protection-1.5.3/lib/rack/protection/base.rb:49:in `call'
	/var/lib/gems/1.9.1/gems/rack-protection-1.5.3/lib/rack/protection/base.rb:49:in `call'
	/var/lib/gems/1.9.1/gems/rack-protection-1.5.3/lib/rack/protection/frame_options.rb:31:in `call'
	/var/lib/gems/1.9.1/gems/rack-1.6.4/lib/rack/nulllogger.rb:9:in `call'
	/var/lib/gems/1.9.1/gems/rack-1.6.4/lib/rack/head.rb:13:in `call'
	/var/lib/gems/1.9.1/gems/sinatra-1.4.7/lib/sinatra/show_exceptions.rb:25:in `call'
	/var/lib/gems/1.9.1/gems/sinatra-1.4.7/lib/sinatra/base.rb:182:in `call'
	/var/lib/gems/1.9.1/gems/sinatra-1.4.7/lib/sinatra/base.rb:2013:in `call'
	/var/lib/gems/1.9.1/gems/sinatra-1.4.7/lib/sinatra/base.rb:1487:in `block in call'
	/var/lib/gems/1.9.1/gems/sinatra-1.4.7/lib/sinatra/base.rb:1787:in `synchronize'
	/var/lib/gems/1.9.1/gems/sinatra-1.4.7/lib/sinatra/base.rb:1487:in `call'
	/var/lib/gems/1.9.1/gems/rack-1.6.4/lib/rack/tempfile_reaper.rb:15:in `call'
	/var/lib/gems/1.9.1/gems/rack-1.6.4/lib/rack/lint.rb:49:in `_call'
	/var/lib/gems/1.9.1/gems/rack-1.6.4/lib/rack/lint.rb:37:in `call'
	/var/lib/gems/1.9.1/gems/rack-1.6.4/lib/rack/showexceptions.rb:24:in `call'
	/var/lib/gems/1.9.1/gems/rack-1.6.4/lib/rack/commonlogger.rb:33:in `call'
	/var/lib/gems/1.9.1/gems/sinatra-1.4.7/lib/sinatra/base.rb:219:in `call'
	/var/lib/gems/1.9.1/gems/rack-1.6.4/lib/rack/chunked.rb:54:in `call'
	/var/lib/gems/1.9.1/gems/rack-1.6.4/lib/rack/content_length.rb:15:in `call'
	/var/lib/gems/1.9.1/gems/unicorn-5.0.1/lib/unicorn/http_server.rb:562:in `process_client'
	/var/lib/gems/1.9.1/gems/unicorn-5.0.1/lib/unicorn/http_server.rb:658:in `worker_loop'
	/var/lib/gems/1.9.1/gems/unicorn-5.0.1/lib/unicorn/http_server.rb:508:in `spawn_missing_workers'
	/var/lib/gems/1.9.1/gems/unicorn-5.0.1/lib/unicorn/http_server.rb:132:in `start'
	/var/lib/gems/1.9.1/gems/unicorn-5.0.1/bin/unicorn:126:in `<top (required)>'
	/usr/local/bin/unicorn:23:in `load'
	/usr/local/bin/unicorn:23:in `<main>'
153.235.146.172 - - [22/Mar/2016:14:53:15 +0900] "GET /config/aaaaa HTTP/1.0" 500 152055 0.0785
153.235.146.172 - - [22/Mar/2016:14:53:16 +0900] "GET /__sinatra__/500.png HTTP/1.0" 304 - 0.0299
